<?xml version="1.0" encoding="UTF-8"?>
<testng-results skipped="0" failed="2" ignored="0" total="3" passed="1">
  <reporter-output>
  </reporter-output>
  <suite name="Default suite" duration-ms="112715" started-at="2019-10-21T15:24:21Z" finished-at="2019-10-21T15:26:14Z">
    <groups>
    </groups>
    <test name="Default test" duration-ms="112715" started-at="2019-10-21T15:24:21Z" finished-at="2019-10-21T15:26:14Z">
      <class name="com.qa.IES_EachPages_Validation.IES_AddEnrollee">
        <test-method status="PASS" signature="setup()[pri:0, instance:com.qa.IES_EachPages_Validation.IES_AddEnrollee@6e171cd7]" name="setup" is-config="true" duration-ms="9924" started-at="2019-10-21T15:24:21Z" finished-at="2019-10-21T15:24:31Z">
          <reporter-output>
          </reporter-output>
        </test-method> <!-- setup -->
        <test-method status="PASS" signature="Enrolle_Addition(java.lang.String, java.lang.String, java.lang.String, java.lang.String, java.lang.String, java.lang.String, java.lang.String, java.lang.String, java.lang.String, java.lang.String, java.lang.String, java.lang.String, java.lang.String, java.lang.String, java.lang.String)[pri:0, instance:com.qa.IES_EachPages_Validation.IES_AddEnrollee@6e171cd7]" name="Enrolle_Addition" duration-ms="24178" started-at="2019-10-21T15:24:31Z" data-provider="getEnrolleeTestData" finished-at="2019-10-21T15:24:55Z">
          <params>
            <param index="0">
              <value>
                <![CDATA[Movlog]]>
              </value>
            </param>
            <param index="1">
              <value>
                <![CDATA[Test]]>
              </value>
            </param>
            <param index="2">
              <value>
                <![CDATA[Test]]>
              </value>
            </param>
            <param index="3">
              <value>
                <![CDATA[Kensa]]>
              </value>
            </param>
            <param index="4">
              <value>
                <![CDATA[Texas]]>
              </value>
            </param>
            <param index="5">
              <value>
                <![CDATA[Alaska]]>
              </value>
            </param>
            <param index="6">
              <value>
                <![CDATA[23423]]>
              </value>
            </param>
            <param index="7">
              <value>
                <![CDATA[111-11-4444]]>
              </value>
            </param>
            <param index="8">
              <value>
                <![CDATA[09/09/1992]]>
              </value>
            </param>
            <param index="9">
              <value>
                <![CDATA[2132132121]]>
              </value>
            </param>
            <param index="10">
              <value>
                <![CDATA[vishwakarma1@getnda.com]]>
              </value>
            </param>
            <param index="11">
              <value>
                <![CDATA[67]]>
              </value>
            </param>
            <param index="12">
              <value>
                <![CDATA[09/09/2019]]>
              </value>
            </param>
            <param index="13">
              <value>
                <![CDATA[Service]]>
              </value>
            </param>
            <param index="14">
              <value>
                <![CDATA[600000]]>
              </value>
            </param>
          </params>
          <reporter-output>
          </reporter-output>
        </test-method> <!-- Enrolle_Addition -->
        <test-method status="PASS" signature="setup()[pri:0, instance:com.qa.IES_EachPages_Validation.IES_AddEnrollee@6e171cd7]" name="setup" is-config="true" duration-ms="11180" started-at="2019-10-21T15:24:55Z" finished-at="2019-10-21T15:25:06Z">
          <reporter-output>
          </reporter-output>
        </test-method> <!-- setup -->
        <test-method status="FAIL" signature="Enrolle_Addition(java.lang.String, java.lang.String, java.lang.String, java.lang.String, java.lang.String, java.lang.String, java.lang.String, java.lang.String, java.lang.String, java.lang.String, java.lang.String, java.lang.String, java.lang.String, java.lang.String, java.lang.String)[pri:0, instance:com.qa.IES_EachPages_Validation.IES_AddEnrollee@6e171cd7]" name="Enrolle_Addition" duration-ms="27084" started-at="2019-10-21T15:25:06Z" data-provider="getEnrolleeTestData" finished-at="2019-10-21T15:25:34Z">
          <params>
            <param index="0">
              <value>
                <![CDATA[dsds23]]>
              </value>
            </param>
            <param index="1">
              <value>
                <![CDATA[dfdsf]]>
              </value>
            </param>
            <param index="2">
              <value>
                <![CDATA[dsfdsf]]>
              </value>
            </param>
            <param index="3">
              <value>
                <![CDATA[dfsdsf]]>
              </value>
            </param>
            <param index="4">
              <value>
                <![CDATA[dsfd]]>
              </value>
            </param>
            <param index="5">
              <value>
                <![CDATA[dsf]]>
              </value>
            </param>
            <param index="6">
              <value>
                <![CDATA[dfsdfs]]>
              </value>
            </param>
            <param index="7">
              <value>
                <![CDATA[dsfdsf]]>
              </value>
            </param>
            <param index="8">
              <value>
                <![CDATA[dsfds]]>
              </value>
            </param>
            <param index="9">
              <value>
                <![CDATA[233434]]>
              </value>
            </param>
            <param index="10">
              <value>
                <![CDATA[dfsdfs]]>
              </value>
            </param>
            <param index="11">
              <value>
                <![CDATA[2345]]>
              </value>
            </param>
            <param index="12">
              <value>
                <![CDATA[fgdfgfdg]]>
              </value>
            </param>
            <param index="13">
              <value>
                <![CDATA[fdgdfg]]>
              </value>
            </param>
            <param index="14">
              <value>
                <![CDATA[dfgdfgfggf]]>
              </value>
            </param>
          </params>
          <exception class="org.openqa.selenium.NoAlertPresentException">
            <message>
              <![CDATA[no such alert
  (Session info: chrome=77.0.3865.120)
Build info: version: '3.141.59', revision: 'e82be7d358', time: '2018-11-14T08:17:03'
System info: host: 'APPMIX-44', ip: '192.168.1.144', os.name: 'Windows 10', os.arch: 'amd64', os.version: '10.0', java.version: '1.8.0_181'
Driver info: org.openqa.selenium.chrome.ChromeDriver
Capabilities {acceptInsecureCerts: false, browserName: chrome, browserVersion: 77.0.3865.120, chrome: {chromedriverVersion: 77.0.3865.40 (f484704e052e0..., userDataDir: C:\Users\Ashraf\AppData\Loc...}, goog:chromeOptions: {debuggerAddress: localhost:63949}, javascriptEnabled: true, networkConnectionEnabled: false, pageLoadStrategy: normal, platform: XP, platformName: XP, proxy: Proxy(), setWindowRect: true, strictFileInteractability: false, timeouts: {implicit: 0, pageLoad: 300000, script: 30000}, unhandledPromptBehavior: dismiss and notify}
Session ID: 2c7beecc01ec0c4cf61ccca60061ce1c]]>
            </message>
            <full-stacktrace>
              <![CDATA[org.openqa.selenium.NoAlertPresentException: no such alert
  (Session info: chrome=77.0.3865.120)
Build info: version: '3.141.59', revision: 'e82be7d358', time: '2018-11-14T08:17:03'
System info: host: 'APPMIX-44', ip: '192.168.1.144', os.name: 'Windows 10', os.arch: 'amd64', os.version: '10.0', java.version: '1.8.0_181'
Driver info: org.openqa.selenium.chrome.ChromeDriver
Capabilities {acceptInsecureCerts: false, browserName: chrome, browserVersion: 77.0.3865.120, chrome: {chromedriverVersion: 77.0.3865.40 (f484704e052e0..., userDataDir: C:\Users\Ashraf\AppData\Loc...}, goog:chromeOptions: {debuggerAddress: localhost:63949}, javascriptEnabled: true, networkConnectionEnabled: false, pageLoadStrategy: normal, platform: XP, platformName: XP, proxy: Proxy(), setWindowRect: true, strictFileInteractability: false, timeouts: {implicit: 0, pageLoad: 300000, script: 30000}, unhandledPromptBehavior: dismiss and notify}
Session ID: 2c7beecc01ec0c4cf61ccca60061ce1c
at sun.reflect.NativeConstructorAccessorImpl.newInstance0(Native Method)
at sun.reflect.NativeConstructorAccessorImpl.newInstance(Unknown Source)
at sun.reflect.DelegatingConstructorAccessorImpl.newInstance(Unknown Source)
at java.lang.reflect.Constructor.newInstance(Unknown Source)
at org.openqa.selenium.remote.http.W3CHttpResponseCodec.createException(W3CHttpResponseCodec.java:187)
at org.openqa.selenium.remote.http.W3CHttpResponseCodec.decode(W3CHttpResponseCodec.java:122)
at org.openqa.selenium.remote.http.W3CHttpResponseCodec.decode(W3CHttpResponseCodec.java:49)
at org.openqa.selenium.remote.HttpCommandExecutor.execute(HttpCommandExecutor.java:158)
at org.openqa.selenium.remote.service.DriverCommandExecutor.execute(DriverCommandExecutor.java:83)
at org.openqa.selenium.remote.RemoteWebDriver.execute(RemoteWebDriver.java:552)
at org.openqa.selenium.remote.RemoteWebDriver.execute(RemoteWebDriver.java:609)
at org.openqa.selenium.remote.RemoteWebDriver$RemoteTargetLocator.alert(RemoteWebDriver.java:932)
at com.qa.IES_EachPages_Validation.IES_AddEnrollee.Enrolle_Addition(IES_AddEnrollee.java:140)
at sun.reflect.NativeMethodAccessorImpl.invoke0(Native Method)
at sun.reflect.NativeMethodAccessorImpl.invoke(Unknown Source)
at sun.reflect.DelegatingMethodAccessorImpl.invoke(Unknown Source)
at java.lang.reflect.Method.invoke(Unknown Source)
at org.testng.internal.MethodInvocationHelper.invokeMethod(MethodInvocationHelper.java:124)
at org.testng.internal.Invoker.invokeMethod(Invoker.java:583)
at org.testng.internal.Invoker.invokeTestMethod(Invoker.java:719)
at org.testng.internal.Invoker.invokeTestMethods(Invoker.java:989)
at org.testng.internal.TestMethodWorker.invokeTestMethods(TestMethodWorker.java:125)
at org.testng.internal.TestMethodWorker.run(TestMethodWorker.java:109)
at org.testng.TestRunner.privateRun(TestRunner.java:648)
at org.testng.TestRunner.run(TestRunner.java:505)
at org.testng.SuiteRunner.runTest(SuiteRunner.java:455)
at org.testng.SuiteRunner.runSequentially(SuiteRunner.java:450)
at org.testng.SuiteRunner.privateRun(SuiteRunner.java:415)
at org.testng.SuiteRunner.run(SuiteRunner.java:364)
at org.testng.SuiteRunnerWorker.runSuite(SuiteRunnerWorker.java:52)
at org.testng.SuiteRunnerWorker.run(SuiteRunnerWorker.java:84)
at org.testng.TestNG.runSuitesSequentially(TestNG.java:1208)
at org.testng.TestNG.runSuitesLocally(TestNG.java:1137)
at org.testng.TestNG.runSuites(TestNG.java:1049)
at org.testng.TestNG.run(TestNG.java:1017)
at org.testng.remote.AbstractRemoteTestNG.run(AbstractRemoteTestNG.java:115)
at org.testng.remote.RemoteTestNG.initAndRun(RemoteTestNG.java:251)
at org.testng.remote.RemoteTestNG.main(RemoteTestNG.java:77)
]]>
            </full-stacktrace>
          </exception> <!-- org.openqa.selenium.NoAlertPresentException -->
          <reporter-output>
          </reporter-output>
        </test-method> <!-- Enrolle_Addition -->
        <test-method status="PASS" signature="setup()[pri:0, instance:com.qa.IES_EachPages_Validation.IES_AddEnrollee@6e171cd7]" name="setup" is-config="true" duration-ms="9774" started-at="2019-10-21T15:25:34Z" finished-at="2019-10-21T15:25:43Z">
          <reporter-output>
          </reporter-output>
        </test-method> <!-- setup -->
        <test-method status="FAIL" signature="Enrolle_Addition(java.lang.String, java.lang.String, java.lang.String, java.lang.String, java.lang.String, java.lang.String, java.lang.String, java.lang.String, java.lang.String, java.lang.String, java.lang.String, java.lang.String, java.lang.String, java.lang.String, java.lang.String)[pri:0, instance:com.qa.IES_EachPages_Validation.IES_AddEnrollee@6e171cd7]" name="Enrolle_Addition" duration-ms="30315" started-at="2019-10-21T15:25:43Z" data-provider="getEnrolleeTestData" finished-at="2019-10-21T15:26:14Z">
          <params>
            <param index="0">
              <value>
                <![CDATA[wew34]]>
              </value>
            </param>
            <param index="1">
              <value>
                <![CDATA[fdsfds]]>
              </value>
            </param>
            <param index="2">
              <value>
                <![CDATA[dfsdfs]]>
              </value>
            </param>
            <param index="3">
              <value>
                <![CDATA[dfgfdg]]>
              </value>
            </param>
            <param index="4">
              <value>
                <![CDATA[dfgdfg]]>
              </value>
            </param>
            <param index="5">
              <value>
                <![CDATA[dfgdfg]]>
              </value>
            </param>
            <param index="6">
              <value>
                <![CDATA[dfgdg]]>
              </value>
            </param>
            <param index="7">
              <value>
                <![CDATA[dfgdfg]]>
              </value>
            </param>
            <param index="8">
              <value>
                <![CDATA[dfgfdg]]>
              </value>
            </param>
            <param index="9">
              <value>
                <![CDATA[4353434]]>
              </value>
            </param>
            <param index="10">
              <value>
                <![CDATA[fgdfgfd]]>
              </value>
            </param>
            <param index="11">
              <value>
                <![CDATA[dfgdfg]]>
              </value>
            </param>
            <param index="12">
              <value>
                <![CDATA[dfgfd]]>
              </value>
            </param>
            <param index="13">
              <value>
                <![CDATA[dfgdfg]]>
              </value>
            </param>
            <param index="14">
              <value>
                <![CDATA[fdgdfg]]>
              </value>
            </param>
          </params>
          <exception class="org.openqa.selenium.NoAlertPresentException">
            <message>
              <![CDATA[no such alert
  (Session info: chrome=77.0.3865.120)
Build info: version: '3.141.59', revision: 'e82be7d358', time: '2018-11-14T08:17:03'
System info: host: 'APPMIX-44', ip: '192.168.1.144', os.name: 'Windows 10', os.arch: 'amd64', os.version: '10.0', java.version: '1.8.0_181'
Driver info: org.openqa.selenium.chrome.ChromeDriver
Capabilities {acceptInsecureCerts: false, browserName: chrome, browserVersion: 77.0.3865.120, chrome: {chromedriverVersion: 77.0.3865.40 (f484704e052e0..., userDataDir: C:\Users\Ashraf\AppData\Loc...}, goog:chromeOptions: {debuggerAddress: localhost:64029}, javascriptEnabled: true, networkConnectionEnabled: false, pageLoadStrategy: normal, platform: XP, platformName: XP, proxy: Proxy(), setWindowRect: true, strictFileInteractability: false, timeouts: {implicit: 0, pageLoad: 300000, script: 30000}, unhandledPromptBehavior: dismiss and notify}
Session ID: ef5b421083163045184540ae063566bb]]>
            </message>
            <full-stacktrace>
              <![CDATA[org.openqa.selenium.NoAlertPresentException: no such alert
  (Session info: chrome=77.0.3865.120)
Build info: version: '3.141.59', revision: 'e82be7d358', time: '2018-11-14T08:17:03'
System info: host: 'APPMIX-44', ip: '192.168.1.144', os.name: 'Windows 10', os.arch: 'amd64', os.version: '10.0', java.version: '1.8.0_181'
Driver info: org.openqa.selenium.chrome.ChromeDriver
Capabilities {acceptInsecureCerts: false, browserName: chrome, browserVersion: 77.0.3865.120, chrome: {chromedriverVersion: 77.0.3865.40 (f484704e052e0..., userDataDir: C:\Users\Ashraf\AppData\Loc...}, goog:chromeOptions: {debuggerAddress: localhost:64029}, javascriptEnabled: true, networkConnectionEnabled: false, pageLoadStrategy: normal, platform: XP, platformName: XP, proxy: Proxy(), setWindowRect: true, strictFileInteractability: false, timeouts: {implicit: 0, pageLoad: 300000, script: 30000}, unhandledPromptBehavior: dismiss and notify}
Session ID: ef5b421083163045184540ae063566bb
at sun.reflect.NativeConstructorAccessorImpl.newInstance0(Native Method)
at sun.reflect.NativeConstructorAccessorImpl.newInstance(Unknown Source)
at sun.reflect.DelegatingConstructorAccessorImpl.newInstance(Unknown Source)
at java.lang.reflect.Constructor.newInstance(Unknown Source)
at org.openqa.selenium.remote.http.W3CHttpResponseCodec.createException(W3CHttpResponseCodec.java:187)
at org.openqa.selenium.remote.http.W3CHttpResponseCodec.decode(W3CHttpResponseCodec.java:122)
at org.openqa.selenium.remote.http.W3CHttpResponseCodec.decode(W3CHttpResponseCodec.java:49)
at org.openqa.selenium.remote.HttpCommandExecutor.execute(HttpCommandExecutor.java:158)
at org.openqa.selenium.remote.service.DriverCommandExecutor.execute(DriverCommandExecutor.java:83)
at org.openqa.selenium.remote.RemoteWebDriver.execute(RemoteWebDriver.java:552)
at org.openqa.selenium.remote.RemoteWebDriver.execute(RemoteWebDriver.java:609)
at org.openqa.selenium.remote.RemoteWebDriver$RemoteTargetLocator.alert(RemoteWebDriver.java:932)
at com.qa.IES_EachPages_Validation.IES_AddEnrollee.Enrolle_Addition(IES_AddEnrollee.java:140)
at sun.reflect.NativeMethodAccessorImpl.invoke0(Native Method)
at sun.reflect.NativeMethodAccessorImpl.invoke(Unknown Source)
at sun.reflect.DelegatingMethodAccessorImpl.invoke(Unknown Source)
at java.lang.reflect.Method.invoke(Unknown Source)
at org.testng.internal.MethodInvocationHelper.invokeMethod(MethodInvocationHelper.java:124)
at org.testng.internal.Invoker.invokeMethod(Invoker.java:583)
at org.testng.internal.Invoker.invokeTestMethod(Invoker.java:719)
at org.testng.internal.Invoker.invokeTestMethods(Invoker.java:989)
at org.testng.internal.TestMethodWorker.invokeTestMethods(TestMethodWorker.java:125)
at org.testng.internal.TestMethodWorker.run(TestMethodWorker.java:109)
at org.testng.TestRunner.privateRun(TestRunner.java:648)
at org.testng.TestRunner.run(TestRunner.java:505)
at org.testng.SuiteRunner.runTest(SuiteRunner.java:455)
at org.testng.SuiteRunner.runSequentially(SuiteRunner.java:450)
at org.testng.SuiteRunner.privateRun(SuiteRunner.java:415)
at org.testng.SuiteRunner.run(SuiteRunner.java:364)
at org.testng.SuiteRunnerWorker.runSuite(SuiteRunnerWorker.java:52)
at org.testng.SuiteRunnerWorker.run(SuiteRunnerWorker.java:84)
at org.testng.TestNG.runSuitesSequentially(TestNG.java:1208)
at org.testng.TestNG.runSuitesLocally(TestNG.java:1137)
at org.testng.TestNG.runSuites(TestNG.java:1049)
at org.testng.TestNG.run(TestNG.java:1017)
at org.testng.remote.AbstractRemoteTestNG.run(AbstractRemoteTestNG.java:115)
at org.testng.remote.RemoteTestNG.initAndRun(RemoteTestNG.java:251)
at org.testng.remote.RemoteTestNG.main(RemoteTestNG.java:77)
]]>
            </full-stacktrace>
          </exception> <!-- org.openqa.selenium.NoAlertPresentException -->
          <reporter-output>
          </reporter-output>
        </test-method> <!-- Enrolle_Addition -->
      </class> <!-- com.qa.IES_EachPages_Validation.IES_AddEnrollee -->
    </test> <!-- Default test -->
  </suite> <!-- Default suite -->
</testng-results>
